<?xml version="1.0" encoding="UTF-8"?>
<!-- Generated by org.testng.reporters.JUnitReportReporter -->
<testsuite hostname="Gondoz" failures="0" tests="4" name="mariomedhatGo.tests.StartPageTest" time="84.773" errors="0" timestamp="2025-07-07T22:12:25 EEST" skipped="0">
  <testcase classname="mariomedhatGo.tests.StartPageTest" name="userRegistrationTest" time="22.358"/>
  <testcase classname="mariomedhatGo.tests.StartPageTest" name="addProductToCartTest" time="46.019"/>
  <testcase classname="mariomedhatGo.tests.StartPageTest" name="placeOrderTest" time="14.360"/>
  <testcase classname="mariomedhatGo.tests.StartPageTest" name="logoutTest" time="2.036"/>
</testsuite> <!-- mariomedhatGo.tests.StartPageTest -->
